0 info it worked if it ends with ok
1 verbose cli [ 'C:\\Program Files\\nodejs\\node.exe',
1 verbose cli   'C:\\Program Files\\nodejs\\node_modules\\npm\\bin\\npm-cli.js',
1 verbose cli   'install' ]
2 info using npm@3.10.8
3 info using node@v6.9.1
4 silly loadCurrentTree Starting
5 silly install loadCurrentTree
6 silly install readLocalPackageData
7 silly install normalizeTree
8 silly loadCurrentTree Finishing
9 silly loadIdealTree Starting
10 silly install loadIdealTree
11 silly cloneCurrentTree Starting
12 silly install cloneCurrentTreeToIdealTree
13 silly cloneCurrentTree Finishing
14 silly loadShrinkwrap Starting
15 silly install loadShrinkwrap
16 silly loadShrinkwrap Finishing
17 silly loadAllDepsIntoIdealTree Starting
18 silly install loadAllDepsIntoIdealTree
19 silly loadAllDepsIntoIdealTree Finishing
20 silly loadIdealTree Finishing
21 silly currentTree asp.net@1.1.0
21 silly currentTree +-- @angular/common@4.1.3
21 silly currentTree +-- @angular/compiler-cli@4.1.3
21 silly currentTree +-- @angular/compiler@4.1.3
21 silly currentTree +-- @angular/core@4.1.3
21 silly currentTree +-- @angular/forms@4.1.3
21 silly currentTree +-- @angular/http@4.1.3
21 silly currentTree +-- @angular/platform-browser-dynamic@4.1.3
21 silly currentTree +-- @angular/platform-browser@4.1.3
21 silly currentTree +-- @angular/platform-server@4.1.3
21 silly currentTree +-- @angular/router@4.1.3
21 silly currentTree +-- @angular/tsc-wrapped@4.1.3
21 silly currentTree +-- @types/filesaver@0.0.30
21 silly currentTree +-- @types/jquery@2.0.45
21 silly currentTree +-- @types/node@7.0.22
21 silly currentTree +-- acorn@4.0.13
21 silly currentTree +-- angular-in-memory-web-api@0.3.2
21 silly currentTree +-- ansi-regex@0.2.1
21 silly currentTree +-- ansi-styles@1.1.0
21 silly currentTree +-- arr-diff@2.0.0
21 silly currentTree +-- arr-flatten@1.0.3
21 silly currentTree +-- array-unique@0.2.1
21 silly currentTree +-- balanced-match@0.4.2
21 silly currentTree +-- bootstrap@3.3.7
21 silly currentTree +-- brace-expansion@1.1.7
21 silly currentTree +-- braces@1.8.5
21 silly currentTree +-- browser-resolve@1.11.2
21 silly currentTree | `-- resolve@1.1.7
21 silly currentTree +-- builtin-modules@1.1.1
21 silly currentTree +-- chalk@0.5.1
21 silly currentTree | `-- supports-color@0.2.0
21 silly currentTree +-- commander@2.6.0
21 silly currentTree +-- concat-map@0.0.1
21 silly currentTree +-- concurrently@3.4.0
21 silly currentTree +-- core-js@2.4.1
21 silly currentTree +-- date-fns@1.28.5
21 silly currentTree +-- escape-string-regexp@1.0.5
21 silly currentTree +-- estree-walker@0.3.1
21 silly currentTree +-- expand-brackets@0.1.5
21 silly currentTree +-- expand-range@1.8.2
21 silly currentTree +-- extglob@0.3.2
21 silly currentTree +-- file-saver@1.3.3
21 silly currentTree +-- filename-regex@2.0.1
21 silly currentTree +-- fill-range@2.2.3
21 silly currentTree +-- for-in@1.0.2
21 silly currentTree +-- for-own@0.1.5
21 silly currentTree +-- fs.realpath@1.0.0
21 silly currentTree +-- glob-base@0.3.0
21 silly currentTree +-- glob-parent@2.0.0
21 silly currentTree +-- glob@7.1.2
21 silly currentTree +-- graceful-readlink@1.0.1
21 silly currentTree +-- has-ansi@0.1.0
21 silly currentTree +-- has-flag@1.0.0
21 silly currentTree +-- inflight@1.0.6
21 silly currentTree +-- inherits@2.0.3
21 silly currentTree +-- is-buffer@1.1.5
21 silly currentTree +-- is-dotfile@1.0.3
21 silly currentTree +-- is-equal-shallow@0.1.3
21 silly currentTree +-- is-extendable@0.1.1
21 silly currentTree +-- is-extglob@1.0.0
21 silly currentTree +-- is-glob@2.0.1
21 silly currentTree +-- is-module@1.0.0
21 silly currentTree +-- is-number@2.1.0
21 silly currentTree +-- is-posix-bracket@0.1.1
21 silly currentTree +-- is-primitive@2.0.0
21 silly currentTree +-- isarray@1.0.0
21 silly currentTree +-- isobject@2.1.0
21 silly currentTree +-- jquery@3.2.1
21 silly currentTree +-- kind-of@3.2.2
21 silly currentTree +-- lodash@4.17.4
21 silly currentTree +-- magic-string@0.19.1
21 silly currentTree +-- micromatch@2.3.11
21 silly currentTree +-- minimatch@3.0.4
21 silly currentTree +-- minimist@1.2.0
21 silly currentTree +-- mkdirp@0.5.1
21 silly currentTree | `-- minimist@0.0.8
21 silly currentTree +-- normalize-path@2.1.1
21 silly currentTree +-- object.omit@2.0.1
21 silly currentTree +-- once@1.4.0
21 silly currentTree +-- parse-glob@3.0.4
21 silly currentTree +-- parse5@3.0.2
21 silly currentTree | `-- @types/node@6.0.78
21 silly currentTree +-- path-is-absolute@1.0.1
21 silly currentTree +-- path-parse@1.0.5
21 silly currentTree +-- preserve@0.2.0
21 silly currentTree +-- randomatic@1.1.6
21 silly currentTree +-- reflect-metadata@0.1.10
21 silly currentTree +-- regex-cache@0.4.3
21 silly currentTree +-- remove-trailing-separator@1.0.1
21 silly currentTree +-- repeat-element@1.1.2
21 silly currentTree +-- repeat-string@1.6.1
21 silly currentTree +-- resolve@1.3.3
21 silly currentTree +-- rimraf@2.6.1
21 silly currentTree +-- rollup-plugin-commonjs@8.0.2
21 silly currentTree +-- rollup-plugin-node-resolve@3.0.0
21 silly currentTree +-- rollup-plugin-uglify@2.0.1
21 silly currentTree +-- rollup-pluginutils@2.0.1
21 silly currentTree +-- rollup@0.41.6
21 silly currentTree +-- rx@2.3.24
21 silly currentTree +-- rxjs@5.4.0
21 silly currentTree +-- source-map-support@0.4.15
21 silly currentTree +-- source-map@0.5.6
21 silly currentTree +-- spawn-command@0.0.2-1
21 silly currentTree +-- strip-ansi@0.3.0
21 silly currentTree +-- supports-color@3.2.3
21 silly currentTree +-- symbol-observable@1.0.4
21 silly currentTree +-- systemjs@0.20.12
21 silly currentTree +-- tree-kill@1.1.0
21 silly currentTree +-- tsickle@0.21.6
21 silly currentTree +-- typescript@2.3.3
21 silly currentTree +-- uglify-js@3.0.15
21 silly currentTree | `-- commander@2.9.0
21 silly currentTree +-- vlq@0.2.2
21 silly currentTree +-- wrappy@1.0.2
21 silly currentTree +-- xhr2@0.1.4
21 silly currentTree `-- zone.js@0.8.11
22 silly idealTree asp.net@1.1.0
22 silly idealTree +-- @angular/common@4.1.3
22 silly idealTree +-- @angular/compiler-cli@4.1.3
22 silly idealTree +-- @angular/compiler@4.1.3
22 silly idealTree +-- @angular/core@4.1.3
22 silly idealTree +-- @angular/forms@4.1.3
22 silly idealTree +-- @angular/http@4.1.3
22 silly idealTree +-- @angular/platform-browser-dynamic@4.1.3
22 silly idealTree +-- @angular/platform-browser@4.1.3
22 silly idealTree +-- @angular/platform-server@4.1.3
22 silly idealTree +-- @angular/router@4.1.3
22 silly idealTree +-- @angular/tsc-wrapped@4.1.3
22 silly idealTree +-- @types/filesaver@0.0.30
22 silly idealTree +-- @types/jquery@2.0.45
22 silly idealTree +-- @types/node@7.0.22
22 silly idealTree +-- acorn@4.0.13
22 silly idealTree +-- angular-in-memory-web-api@0.3.2
22 silly idealTree +-- ansi-regex@0.2.1
22 silly idealTree +-- ansi-styles@1.1.0
22 silly idealTree +-- arr-diff@2.0.0
22 silly idealTree +-- arr-flatten@1.0.3
22 silly idealTree +-- array-unique@0.2.1
22 silly idealTree +-- balanced-match@0.4.2
22 silly idealTree +-- bootstrap@3.3.7
22 silly idealTree +-- brace-expansion@1.1.7
22 silly idealTree +-- braces@1.8.5
22 silly idealTree +-- browser-resolve@1.11.2
22 silly idealTree | `-- resolve@1.1.7
22 silly idealTree +-- builtin-modules@1.1.1
22 silly idealTree +-- chalk@0.5.1
22 silly idealTree | `-- supports-color@0.2.0
22 silly idealTree +-- commander@2.6.0
22 silly idealTree +-- concat-map@0.0.1
22 silly idealTree +-- concurrently@3.4.0
22 silly idealTree +-- core-js@2.4.1
22 silly idealTree +-- date-fns@1.28.5
22 silly idealTree +-- escape-string-regexp@1.0.5
22 silly idealTree +-- estree-walker@0.3.1
22 silly idealTree +-- expand-brackets@0.1.5
22 silly idealTree +-- expand-range@1.8.2
22 silly idealTree +-- extglob@0.3.2
22 silly idealTree +-- file-saver@1.3.3
22 silly idealTree +-- filename-regex@2.0.1
22 silly idealTree +-- fill-range@2.2.3
22 silly idealTree +-- for-in@1.0.2
22 silly idealTree +-- for-own@0.1.5
22 silly idealTree +-- fs.realpath@1.0.0
22 silly idealTree +-- glob-base@0.3.0
22 silly idealTree +-- glob-parent@2.0.0
22 silly idealTree +-- glob@7.1.2
22 silly idealTree +-- graceful-readlink@1.0.1
22 silly idealTree +-- has-ansi@0.1.0
22 silly idealTree +-- has-flag@1.0.0
22 silly idealTree +-- inflight@1.0.6
22 silly idealTree +-- inherits@2.0.3
22 silly idealTree +-- is-buffer@1.1.5
22 silly idealTree +-- is-dotfile@1.0.3
22 silly idealTree +-- is-equal-shallow@0.1.3
22 silly idealTree +-- is-extendable@0.1.1
22 silly idealTree +-- is-extglob@1.0.0
22 silly idealTree +-- is-glob@2.0.1
22 silly idealTree +-- is-module@1.0.0
22 silly idealTree +-- is-number@2.1.0
22 silly idealTree +-- is-posix-bracket@0.1.1
22 silly idealTree +-- is-primitive@2.0.0
22 silly idealTree +-- isarray@1.0.0
22 silly idealTree +-- isobject@2.1.0
22 silly idealTree +-- jquery@3.2.1
22 silly idealTree +-- kind-of@3.2.2
22 silly idealTree +-- lodash@4.17.4
22 silly idealTree +-- magic-string@0.19.1
22 silly idealTree +-- micromatch@2.3.11
22 silly idealTree +-- minimatch@3.0.4
22 silly idealTree +-- minimist@1.2.0
22 silly idealTree +-- mkdirp@0.5.1
22 silly idealTree | `-- minimist@0.0.8
22 silly idealTree +-- normalize-path@2.1.1
22 silly idealTree +-- object.omit@2.0.1
22 silly idealTree +-- once@1.4.0
22 silly idealTree +-- parse-glob@3.0.4
22 silly idealTree +-- parse5@3.0.2
22 silly idealTree | `-- @types/node@6.0.78
22 silly idealTree +-- path-is-absolute@1.0.1
22 silly idealTree +-- path-parse@1.0.5
22 silly idealTree +-- preserve@0.2.0
22 silly idealTree +-- randomatic@1.1.6
22 silly idealTree +-- reflect-metadata@0.1.10
22 silly idealTree +-- regex-cache@0.4.3
22 silly idealTree +-- remove-trailing-separator@1.0.1
22 silly idealTree +-- repeat-element@1.1.2
22 silly idealTree +-- repeat-string@1.6.1
22 silly idealTree +-- resolve@1.3.3
22 silly idealTree +-- rimraf@2.6.1
22 silly idealTree +-- rollup-plugin-commonjs@8.0.2
22 silly idealTree +-- rollup-plugin-node-resolve@3.0.0
22 silly idealTree +-- rollup-plugin-uglify@2.0.1
22 silly idealTree +-- rollup-pluginutils@2.0.1
22 silly idealTree +-- rollup@0.41.6
22 silly idealTree +-- rx@2.3.24
22 silly idealTree +-- rxjs@5.4.0
22 silly idealTree +-- source-map-support@0.4.15
22 silly idealTree +-- source-map@0.5.6
22 silly idealTree +-- spawn-command@0.0.2-1
22 silly idealTree +-- strip-ansi@0.3.0
22 silly idealTree +-- supports-color@3.2.3
22 silly idealTree +-- symbol-observable@1.0.4
22 silly idealTree +-- systemjs@0.20.12
22 silly idealTree +-- tree-kill@1.1.0
22 silly idealTree +-- tsickle@0.21.6
22 silly idealTree +-- typescript@2.3.3
22 silly idealTree +-- uglify-js@3.0.15
22 silly idealTree | `-- commander@2.9.0
22 silly idealTree +-- vlq@0.2.2
22 silly idealTree +-- wrappy@1.0.2
22 silly idealTree +-- xhr2@0.1.4
22 silly idealTree `-- zone.js@0.8.11
23 silly generateActionsToTake Starting
24 silly install generateActionsToTake
25 silly generateActionsToTake Finishing
26 silly diffTrees action count 0
27 silly decomposeActions action count 0
28 silly runTopLevelLifecycles Starting
29 silly install runPreinstallTopLevelLifecycles
30 silly preinstall asp.net@1.1.0 D:\VS Projekte\ComicDB\CommicDB\asp.net-0a7fd7b6
31 info lifecycle asp.net@1.1.0~preinstall: asp.net@1.1.0
32 silly lifecycle asp.net@1.1.0~preinstall: no script for preinstall, continuing
33 silly executeActions Starting
34 silly install executeActions
35 silly doSerial global-install 0
36 silly doParallel fetch 0
37 verbose correctMkdir C:\Users\Christian\AppData\Roaming\npm-cache\_locks correctMkdir not in flight; initializing
38 verbose lock using C:\Users\Christian\AppData\Roaming\npm-cache\_locks\staging-ee58267889f6dfa1.lock for D:\VS Projekte\ComicDB\CommicDB\node_modules\.staging
39 silly doParallel extract 0
40 silly doParallel preinstall 0
41 silly doReverseSerial remove 0
42 silly doSerial move 0
43 silly doSerial finalize 0
44 silly doSerial build 0
45 silly doSerial global-link 0
46 silly doParallel update-linked 0
47 silly doSerial install 0
48 silly doSerial postinstall 0
49 verbose unlock done using C:\Users\Christian\AppData\Roaming\npm-cache\_locks\staging-ee58267889f6dfa1.lock for D:\VS Projekte\ComicDB\CommicDB\node_modules\.staging
50 silly executeActions Finishing
51 silly rollbackFailedOptional Starting
52 silly rollbackFailedOptional Finishing
53 silly install runPostinstallTopLevelLifecycles
54 silly build asp.net@1.1.0
55 info linkStuff asp.net@1.1.0
56 silly linkStuff asp.net@1.1.0 has D:\VS Projekte\ComicDB as its parent node_modules
57 verbose linkBins asp.net@1.1.0
58 verbose linkMans asp.net@1.1.0
59 silly install asp.net@1.1.0 D:\VS Projekte\ComicDB\CommicDB\asp.net-0a7fd7b6
60 info lifecycle asp.net@1.1.0~install: asp.net@1.1.0
61 silly lifecycle asp.net@1.1.0~install: no script for install, continuing
62 silly postinstall asp.net@1.1.0 D:\VS Projekte\ComicDB\CommicDB\asp.net-0a7fd7b6
63 info lifecycle asp.net@1.1.0~postinstall: asp.net@1.1.0
64 verbose lifecycle asp.net@1.1.0~postinstall: unsafe-perm in lifecycle true
65 verbose lifecycle asp.net@1.1.0~postinstall: PATH: C:\Program Files\nodejs\node_modules\npm\bin\node-gyp-bin;D:\VS Projekte\ComicDB\CommicDB\node_modules\.bin;C:\Program Files (x86)\Intel\TXE Components\TCS\;C:\Program Files\Intel\TXE Components\TCS\;C:\WINDOWS\system32;C:\WINDOWS;C:\WINDOWS\System32\Wbem;C:\WINDOWS\System32\WindowsPowerShell\v1.0\;C:\Program Files\Intel\TXE Components\DAL\;C:\Program Files (x86)\Intel\TXE Components\DAL\;C:\Program Files\Intel\TXE Components\IPT\;C:\Program Files (x86)\Intel\TXE Components\IPT\;C:\Program Files\Intel\WiFi\bin\;C:\Program Files\Common Files\Intel\WirelessCommon\;C:\Program Files (x86)\Skype\Phone\;C:\Program Files (x86)\GtkSharp\2.12\bin;C:\Program Files\nodejs\;C:\Program Files\dotnet\;C:\Program Files\Git\cmd;C:\Program Files\Microsoft SQL Server\130\Tools\Binn\;C:\Users\Christian\AppData\Local\Microsoft\WindowsApps;C:\Program Files (x86)\Microsoft VS Code\bin;C:\Users\Christian\AppData\Roaming\npm;
66 verbose lifecycle asp.net@1.1.0~postinstall: CWD: D:\VS Projekte\ComicDB\CommicDB
67 silly lifecycle asp.net@1.1.0~postinstall: Args: [ '/d /s /c', 'typings install' ]
68 silly lifecycle asp.net@1.1.0~postinstall: Returned: code: 1  signal: null
69 info lifecycle asp.net@1.1.0~postinstall: Failed to exec postinstall script
70 warn @angular/platform-server@4.1.3 requires a peer of @angular/animations@4.1.3 but none was installed.
71 verbose If you need help, you may report this error at:
71 verbose     <https://github.com/npm/npm/issues>
72 verbose stack Error: asp.net@1.1.0 postinstall: `typings install`
72 verbose stack Exit status 1
72 verbose stack     at EventEmitter.<anonymous> (C:\Program Files\nodejs\node_modules\npm\lib\utils\lifecycle.js:255:16)
72 verbose stack     at emitTwo (events.js:106:13)
72 verbose stack     at EventEmitter.emit (events.js:191:7)
72 verbose stack     at ChildProcess.<anonymous> (C:\Program Files\nodejs\node_modules\npm\lib\utils\spawn.js:40:14)
72 verbose stack     at emitTwo (events.js:106:13)
72 verbose stack     at ChildProcess.emit (events.js:191:7)
72 verbose stack     at maybeClose (internal/child_process.js:877:16)
72 verbose stack     at Process.ChildProcess._handle.onexit (internal/child_process.js:226:5)
73 verbose pkgid asp.net@1.1.0
74 verbose cwd D:\VS Projekte\ComicDB\CommicDB
75 error Windows_NT 10.0.15063
76 error argv "C:\\Program Files\\nodejs\\node.exe" "C:\\Program Files\\nodejs\\node_modules\\npm\\bin\\npm-cli.js" "install"
77 error node v6.9.1
78 error npm  v3.10.8
79 error code ELIFECYCLE
80 error asp.net@1.1.0 postinstall: `typings install`
80 error Exit status 1
81 error Failed at the asp.net@1.1.0 postinstall script 'typings install'.
81 error Make sure you have the latest version of node.js and npm installed.
81 error If you do, this is most likely a problem with the asp.net package,
81 error not with npm itself.
81 error Tell the author that this fails on your system:
81 error     typings install
81 error You can get information on how to open an issue for this project with:
81 error     npm bugs asp.net
81 error Or if that isn't available, you can get their info via:
81 error     npm owner ls asp.net
81 error There is likely additional logging output above.
82 verbose exit [ 1, true ]
